<?xml version="1.0" encoding="UTF-8"?>
<testng-results skipped="0" failed="1" ignored="0" total="2" passed="1">
  <reporter-output>
  </reporter-output>
  <suite name="Default suite" duration-ms="91105" started-at="2020-07-09T11:22:28 EDT" finished-at="2020-07-09T11:23:59 EDT">
    <groups>
    </groups>
    <test name="Default test" duration-ms="91105" started-at="2020-07-09T11:22:28 EDT" finished-at="2020-07-09T11:23:59 EDT">
      <class name="singin.Pratice">
        <test-method status="PASS" signature="StartTime()[pri:0, instance:singin.Pratice@7b49cea0]" name="StartTime" is-config="true" duration-ms="64" started-at="2020-07-09T11:22:28 EDT" finished-at="2020-07-09T11:22:28 EDT">
          <reporter-output>
          </reporter-output>
        </test-method> <!-- StartTime -->
        <test-method status="PASS" signature="beforeEachTest()[pri:0, instance:singin.Pratice@7b49cea0]" name="beforeEachTest" is-config="true" duration-ms="13714" started-at="2020-07-09T11:22:28 EDT" finished-at="2020-07-09T11:22:41 EDT">
          <reporter-output>
          </reporter-output>
        </test-method> <!-- beforeEachTest -->
        <test-method status="FAIL" signature="rigsterTest()[pri:0, instance:singin.Pratice@7b49cea0]" name="rigsterTest" duration-ms="50926" started-at="2020-07-09T11:22:41 EDT" finished-at="2020-07-09T11:23:32 EDT">
          <exception class="org.openqa.selenium.NoSuchElementException">
            <message>
              <![CDATA[no such element: Unable to locate element: {"method":"xpath","selector":"//*[@id="password"]"}
  (Session info: chrome=83.0.4103.116)
For documentation on this error, please visit: https://www.seleniumhq.org/exceptions/no_such_element.html
Build info: version: '3.141.59', revision: 'e82be7d358', time: '2018-11-14T08:25:48'
System info: host: 'BELLAL-3LQUFINH', ip: '192.168.1.8', os.name: 'Windows 10', os.arch: 'amd64', os.version: '10.0', java.version: '1.8.0_241'
Driver info: org.openqa.selenium.chrome.ChromeDriver
Capabilities {acceptInsecureCerts: false, browserName: chrome, browserVersion: 83.0.4103.116, chrome: {chromedriverVersion: 83.0.4103.39 (ccbf011cb2d2b..., userDataDir: C:\Users\bella\AppData\Loca...}, goog:chromeOptions: {debuggerAddress: localhost:57829}, javascriptEnabled: true, networkConnectionEnabled: false, pageLoadStrategy: normal, platform: WINDOWS, platformName: WINDOWS, proxy: Proxy(), setWindowRect: true, strictFileInteractability: false, timeouts: {implicit: 0, pageLoad: 300000, script: 30000}, unhandledPromptBehavior: dismiss and notify, webauthn:virtualAuthenticators: true}
Session ID: c50fc0a1d7f008b8df3515e4b96f9567
*** Element info: {Using=xpath, value=//*[@id="password"]}]]>
            </message>
            <full-stacktrace>
              <![CDATA[org.openqa.selenium.NoSuchElementException: no such element: Unable to locate element: {"method":"xpath","selector":"//*[@id="password"]"}
  (Session info: chrome=83.0.4103.116)
For documentation on this error, please visit: https://www.seleniumhq.org/exceptions/no_such_element.html
Build info: version: '3.141.59', revision: 'e82be7d358', time: '2018-11-14T08:25:48'
System info: host: 'BELLAL-3LQUFINH', ip: '192.168.1.8', os.name: 'Windows 10', os.arch: 'amd64', os.version: '10.0', java.version: '1.8.0_241'
Driver info: org.openqa.selenium.chrome.ChromeDriver
Capabilities {acceptInsecureCerts: false, browserName: chrome, browserVersion: 83.0.4103.116, chrome: {chromedriverVersion: 83.0.4103.39 (ccbf011cb2d2b..., userDataDir: C:\Users\bella\AppData\Loca...}, goog:chromeOptions: {debuggerAddress: localhost:57829}, javascriptEnabled: true, networkConnectionEnabled: false, pageLoadStrategy: normal, platform: WINDOWS, platformName: WINDOWS, proxy: Proxy(), setWindowRect: true, strictFileInteractability: false, timeouts: {implicit: 0, pageLoad: 300000, script: 30000}, unhandledPromptBehavior: dismiss and notify, webauthn:virtualAuthenticators: true}
Session ID: c50fc0a1d7f008b8df3515e4b96f9567
*** Element info: {Using=xpath, value=//*[@id="password"]}
at sun.reflect.NativeConstructorAccessorImpl.newInstance0(Native Method)
at sun.reflect.NativeConstructorAccessorImpl.newInstance(Unknown Source)
at sun.reflect.DelegatingConstructorAccessorImpl.newInstance(Unknown Source)
at java.lang.reflect.Constructor.newInstance(Unknown Source)
at org.openqa.selenium.remote.http.W3CHttpResponseCodec.createException(W3CHttpResponseCodec.java:187)
at org.openqa.selenium.remote.http.W3CHttpResponseCodec.decode(W3CHttpResponseCodec.java:122)
at org.openqa.selenium.remote.http.W3CHttpResponseCodec.decode(W3CHttpResponseCodec.java:49)
at org.openqa.selenium.remote.HttpCommandExecutor.execute(HttpCommandExecutor.java:158)
at org.openqa.selenium.remote.service.DriverCommandExecutor.execute(DriverCommandExecutor.java:83)
at org.openqa.selenium.remote.RemoteWebDriver.execute(RemoteWebDriver.java:552)
at org.openqa.selenium.remote.RemoteWebDriver.findElement(RemoteWebDriver.java:323)
at org.openqa.selenium.remote.RemoteWebDriver.findElementByXPath(RemoteWebDriver.java:428)
at org.openqa.selenium.By$ByXPath.findElement(By.java:353)
at org.openqa.selenium.remote.RemoteWebDriver.findElement(RemoteWebDriver.java:315)
at singin.Pratice.rigsterTest(Pratice.java:51)
at sun.reflect.NativeMethodAccessorImpl.invoke0(Native Method)
at sun.reflect.NativeMethodAccessorImpl.invoke(Unknown Source)
at sun.reflect.DelegatingMethodAccessorImpl.invoke(Unknown Source)
at java.lang.reflect.Method.invoke(Unknown Source)
at org.testng.internal.MethodInvocationHelper.invokeMethod(MethodInvocationHelper.java:135)
at org.testng.internal.TestInvoker.invokeMethod(TestInvoker.java:598)
at org.testng.internal.TestInvoker.invokeTestMethod(TestInvoker.java:174)
at org.testng.internal.MethodRunner.runInSequence(MethodRunner.java:46)
at org.testng.internal.TestInvoker$MethodInvocationAgent.invoke(TestInvoker.java:821)
at org.testng.internal.TestInvoker.invokeTestMethods(TestInvoker.java:147)
at org.testng.internal.TestMethodWorker.invokeTestMethods(TestMethodWorker.java:146)
at org.testng.internal.TestMethodWorker.run(TestMethodWorker.java:128)
at java.util.ArrayList.forEach(Unknown Source)
at org.testng.TestRunner.privateRun(TestRunner.java:767)
at org.testng.TestRunner.run(TestRunner.java:588)
at org.testng.SuiteRunner.runTest(SuiteRunner.java:384)
at org.testng.SuiteRunner.runSequentially(SuiteRunner.java:378)
at org.testng.SuiteRunner.privateRun(SuiteRunner.java:337)
at org.testng.SuiteRunner.run(SuiteRunner.java:286)
at org.testng.SuiteRunnerWorker.runSuite(SuiteRunnerWorker.java:53)
at org.testng.SuiteRunnerWorker.run(SuiteRunnerWorker.java:96)
at org.testng.TestNG.runSuitesSequentially(TestNG.java:1214)
at org.testng.TestNG.runSuitesLocally(TestNG.java:1136)
at org.testng.TestNG.runSuites(TestNG.java:1066)
at org.testng.TestNG.run(TestNG.java:1034)
at org.testng.remote.AbstractRemoteTestNG.run(AbstractRemoteTestNG.java:115)
at org.testng.remote.RemoteTestNG.initAndRun(RemoteTestNG.java:251)
at org.testng.remote.RemoteTestNG.main(RemoteTestNG.java:77)
]]>
            </full-stacktrace>
          </exception> <!-- org.openqa.selenium.NoSuchElementException -->
          <reporter-output>
          </reporter-output>
        </test-method> <!-- rigsterTest -->
        <test-method status="PASS" signature="closeBrowersTest()[pri:0, instance:singin.Pratice@7b49cea0]" name="closeBrowersTest" is-config="true" duration-ms="4370" started-at="2020-07-09T11:23:32 EDT" finished-at="2020-07-09T11:23:37 EDT">
          <reporter-output>
          </reporter-output>
        </test-method> <!-- closeBrowersTest -->
        <test-method status="PASS" signature="beforeEachTest()[pri:0, instance:singin.Pratice@7b49cea0]" name="beforeEachTest" is-config="true" duration-ms="10883" started-at="2020-07-09T11:23:37 EDT" finished-at="2020-07-09T11:23:48 EDT">
          <reporter-output>
          </reporter-output>
        </test-method> <!-- beforeEachTest -->
        <test-method status="PASS" signature="signInTest()[pri:0, instance:singin.Pratice@7b49cea0]" name="signInTest" duration-ms="6319" started-at="2020-07-09T11:23:48 EDT" finished-at="2020-07-09T11:23:54 EDT">
          <reporter-output>
          </reporter-output>
        </test-method> <!-- signInTest -->
        <test-method status="PASS" signature="closeBrowersTest()[pri:0, instance:singin.Pratice@7b49cea0]" name="closeBrowersTest" is-config="true" duration-ms="4657" started-at="2020-07-09T11:23:54 EDT" finished-at="2020-07-09T11:23:59 EDT">
          <reporter-output>
          </reporter-output>
        </test-method> <!-- closeBrowersTest -->
        <test-method status="PASS" signature="QuiteBrowersTest()[pri:0, instance:singin.Pratice@7b49cea0]" name="QuiteBrowersTest" is-config="true" duration-ms="683" started-at="2020-07-09T11:23:59 EDT" finished-at="2020-07-09T11:23:59 EDT">
          <reporter-output>
          </reporter-output>
        </test-method> <!-- QuiteBrowersTest -->
      </class> <!-- singin.Pratice -->
    </test> <!-- Default test -->
  </suite> <!-- Default suite -->
</testng-results>
